2023-03-11T12:47:53.4588845 I/O error on POST request for "http://localhost:8080/login": Connection refused: connect; nested exception is java.net.ConnectException: Connection refused: connect
2023-03-11T12:48:05.4349051 I/O error on POST request for "http://localhost:8080/register": Connection refused: connect; nested exception is java.net.ConnectException: Connection refused: connect
2023-03-11T13:17:38.9686914 404 : [{"timestamp":"2023-03-11T18:17:38.939+00:00","status":404,"error":"Not Found","message":"No message available","path":"/account/transfer"}]
2023-03-11T13:18:56.8188184 404 : [{"timestamp":"2023-03-11T18:18:56.816+00:00","status":404,"error":"Not Found","message":"No message available","path":"/account/transfer"}]
2023-03-11T13:46:33.8661892 404 : [{"timestamp":"2023-03-11T18:46:33.846+00:00","status":404,"error":"Not Found","message":"No message available","path":"/account/transfer"}]
2023-03-11T13:50:47.0184675 401 : [no body]
2023-03-11T13:53:45.5443482 404 : [{"timestamp":"2023-03-11T18:53:42.762+00:00","status":404,"error":"Not Found","message":"No message available","path":"/account/transfer"}]
2023-03-11T14:08:30.6821698 400 : [{"timestamp":"2023-03-11T19:08:30.654+00:00","status":400,"error":"Bad Request","message":"Required request body is missing: public int com.techelevator.tenmo.controller.AccountController.accountId(int)","path":"/account/user-id-to-account-id"}]
2023-03-11T14:08:41.679706 404 : [{"timestamp":"2023-03-11T19:08:39.866+00:00","status":404,"error":"Not Found","message":"No message available","path":"/account/transfer"}]
2023-03-11T14:12:19.7806412 400 : [{"timestamp":"2023-03-11T19:12:19.762+00:00","status":400,"error":"Bad Request","message":"Required request body is missing: public int com.techelevator.tenmo.controller.AccountController.accountId(int)","path":"/account/user-id-to-account-id"}]
2023-03-11T14:12:51.2175435 404 : [{"timestamp":"2023-03-11T19:12:35.005+00:00","status":404,"error":"Not Found","message":"No message available","path":"/account/transfer"}]
2023-03-11T14:34:01.7126146 400 : [{"timestamp":"2023-03-11T19:34:01.680+00:00","status":400,"error":"Bad Request","message":"Required request body is missing: public int com.techelevator.tenmo.controller.AccountController.accountId(int)","path":"/account/user-id-to-account-id"}]
2023-03-11T14:34:29.3333506 404 : [{"timestamp":"2023-03-11T19:34:19.579+00:00","status":404,"error":"Not Found","message":"No message available","path":"/account/transfer"}]
2023-03-11T14:38:47.8856943 400 : [{"timestamp":"2023-03-11T19:38:47.865+00:00","status":400,"error":"Bad Request","message":"Required request body is missing: public int com.techelevator.tenmo.controller.AccountController.accountId(int)","path":"/account/user-id-to-account-id"}]
2023-03-11T14:38:47.9189646 404 : [{"timestamp":"2023-03-11T19:38:47.916+00:00","status":404,"error":"Not Found","message":"No message available","path":"/account/transfer"}]
2023-03-11T14:40:11.6190316 400 : [{"timestamp":"2023-03-11T19:40:11.586+00:00","status":400,"error":"Bad Request","message":"Required request body is missing: public int com.techelevator.tenmo.controller.AccountController.accountId(int)","path":"/account/user-id-to-account-id"}]
2023-03-11T14:40:21.8774162 404 : [{"timestamp":"2023-03-11T19:40:20.923+00:00","status":404,"error":"Not Found","message":"No message available","path":"/account/transfer"}]
2023-03-11T14:41:52.4651288 400 : [{"timestamp":"2023-03-11T19:41:52.450+00:00","status":400,"error":"Bad Request","message":"Required request body is missing: public int com.techelevator.tenmo.controller.AccountController.accountId(int)","path":"/account/user-id-to-account-id"}]
2023-03-11T14:41:52.4961516 404 : [{"timestamp":"2023-03-11T19:41:52.493+00:00","status":404,"error":"Not Found","message":"No message available","path":"/account/transfer"}]
2023-03-11T14:42:48.4687169 400 : [{"timestamp":"2023-03-11T19:42:48.453+00:00","status":400,"error":"Bad Request","message":"Required request body is missing: public int com.techelevator.tenmo.controller.AccountController.accountId(int)","path":"/account/user-id-to-account-id"}]
2023-03-11T14:42:55.1561485 404 : [{"timestamp":"2023-03-11T19:42:54.559+00:00","status":404,"error":"Not Found","message":"No message available","path":"/account/transfer"}]
2023-03-11T14:57:40.3251536 400 : [{"timestamp":"2023-03-11T19:57:40.305+00:00","status":400,"error":"Bad Request","message":"Required request body is missing: public java.lang.String com.techelevator.tenmo.controller.AccountController.getUsernameFromAccountId(int)","path":"/account/request-username"}]
2023-03-11T15:04:42.4183242 400 : [{"timestamp":"2023-03-11T20:04:42.397+00:00","status":400,"error":"Bad Request","message":"Required request body is missing: public java.lang.String com.techelevator.tenmo.controller.AccountController.getUsernameFromAccountId(int)","path":"/account/request-username"}]
2023-03-11T15:21:30.7492045 400 : [{"timestamp":"2023-03-11T20:21:30.723+00:00","status":400,"error":"Bad Request","message":"Required request body is missing: public int com.techelevator.tenmo.controller.AccountController.accountId(int)","path":"/account/user-to-account-id"}]
2023-03-11T15:21:30.7955661 404 : [{"timestamp":"2023-03-11T20:21:30.792+00:00","status":404,"error":"Not Found","message":"No message available","path":"/account/transfer"}]
2023-03-11T15:22:13.2578662 400 : [{"timestamp":"2023-03-11T20:22:13.240+00:00","status":400,"error":"Bad Request","message":"Required request body is missing: public int com.techelevator.tenmo.controller.AccountController.accountId(int)","path":"/account/user-to-account-id"}]
2023-03-11T15:22:36.0285591 404 : [{"timestamp":"2023-03-11T20:22:34.516+00:00","status":404,"error":"Not Found","message":"No message available","path":"/account/transfer"}]
2023-03-11T15:23:58.5366923 400 : [{"timestamp":"2023-03-11T20:23:58.505+00:00","status":400,"error":"Bad Request","message":"Required request body is missing: public int com.techelevator.tenmo.controller.AccountController.accountId(int)","path":"/account/user-to-account-id"}]
2023-03-11T15:47:20.3531101 400 : [{"timestamp":"2023-03-11T20:47:20.330+00:00","status":400,"error":"Bad Request","message":"Required request body is missing: public com.techelevator.tenmo.model.Account com.techelevator.tenmo.controller.AccountController.accountId(com.techelevator.tenmo.model.User)","path":"/account/user-to-account"}]
2023-03-11T15:47:20.4102323 404 : [{"timestamp":"2023-03-11T20:47:20.408+00:00","status":404,"error":"Not Found","message":"No message available","path":"/account/transfer"}]
2023-03-11T16:24:16.8148624 I/O error on POST request for "http://localhost:8080/login": Connection refused: connect; nested exception is java.net.ConnectException: Connection refused: connect
2023-03-11T16:24:23.4169293 I/O error on POST request for "http://localhost:8080/login": Connection refused: connect; nested exception is java.net.ConnectException: Connection refused: connect
2023-03-11T16:25:01.1267866 500 : [{"timestamp":"2023-03-11T21:25:01.102+00:00","status":500,"error":"Internal Server Error","message":"PreparedStatementCallback; bad SQL grammar [SELECT account_id, user_id, balance FROM account AS a J... (425 bytes)]
2023-03-11T16:25:27.6459334 500 : [{"timestamp":"2023-03-11T21:25:27.625+00:00","status":500,"error":"Internal Server Error","message":"PreparedStatementCallback; bad SQL grammar [SELECT account_id, user_id, balance FROM account AS a J... (425 bytes)]
2023-03-11T16:28:06.0276078 I/O error on POST request for "http://localhost:8080/login": Connection refused: connect; nested exception is java.net.ConnectException: Connection refused: connect
